0 verbose cli C:\Program Files\nodejs\node.exe C:\Program Files\nodejs\node_modules\npm\bin\npm-cli.js
1 info using npm@8.11.0
2 info using node@v18.3.0
3 timing npm:load:whichnode Completed in 0ms
4 timing config:load:defaults Completed in 1ms
5 timing config:load:file:C:\Program Files\nodejs\node_modules\npm\npmrc Completed in 4ms
6 timing config:load:builtin Completed in 5ms
7 timing config:load:cli Completed in 2ms
8 timing config:load:env Completed in 1ms
9 timing config:load:file:C:\Users\SUBHAM RATH\Desktop\skillDekho.com\server\.npmrc Completed in 0ms
10 timing config:load:project Completed in 6ms
11 timing config:load:file:C:\Users\SUBHAM RATH\.npmrc Completed in 1ms
12 timing config:load:user Completed in 1ms
13 timing config:load:file:C:\Users\SUBHAM RATH\AppData\Roaming\npm\etc\npmrc Completed in 1ms
14 timing config:load:global Completed in 1ms
15 timing config:load:validate Completed in 0ms
16 timing config:load:credentials Completed in 1ms
17 timing config:load:setEnvs Completed in 1ms
18 timing config:load Completed in 19ms
19 timing npm:load:configload Completed in 20ms
20 timing npm:load:mkdirpcache Completed in 1ms
21 timing npm:load:mkdirplogs Completed in 1ms
22 verbose title npm install express-formidable
23 verbose argv "install" "express-formidable"
24 timing npm:load:setTitle Completed in 1ms
25 timing config:load:flatten Completed in 2ms
26 timing npm:load:display Completed in 3ms
27 verbose logfile logs-max:10 dir:C:\Users\SUBHAM RATH\Desktop\skillDekho.com\server\UsersSUBHAMRATHAppDataRoamingnpm-cache\_logs
28 verbose logfile C:\Users\SUBHAM RATH\Desktop\skillDekho.com\server\UsersSUBHAMRATHAppDataRoamingnpm-cache\_logs\2023-07-06T05_42_21_028Z-debug-0.log
29 timing npm:load:logFile Completed in 19ms
30 timing npm:load:timers Completed in 0ms
31 timing npm:load:configScope Completed in 0ms
32 timing npm:load Completed in 46ms
33 timing arborist:ctor Completed in 1ms
34 silly logfile start cleaning logs, removing 2 files
35 silly logfile done cleaning log files
36 timing idealTree:init Completed in 176ms
37 timing idealTree:userRequests Completed in 2ms
38 silly idealTree buildDeps
39 silly fetch manifest express-formidable@*
40 timing arborist:ctor Completed in 0ms
41 http fetch GET 200 https://registry.npmjs.org/express-formidable 1597ms (cache miss)
42 silly placeDep ROOT express-formidable@1.2.0 OK for: server@1.0.0 want: *
43 silly fetch manifest formidable@^1.0.17
44 http fetch GET 200 https://registry.npmjs.org/formidable 1260ms (cache miss)
45 timing idealTree:#root Completed in 2876ms
46 silly placeDep ROOT formidable@1.2.6 OK for: express-formidable@1.2.0 want: ^1.0.17
47 timing idealTree:node_modules/express-formidable Completed in 2ms
48 timing idealTree:node_modules/formidable Completed in 0ms
49 timing idealTree:buildDeps Completed in 2879ms
50 timing idealTree:fixDepFlags Completed in 7ms
51 timing idealTree Completed in 3071ms
52 timing reify:loadTrees Completed in 3071ms
53 timing reify:diffTrees Completed in 18ms
54 silly reify moves {}
55 timing reify:retireShallow Completed in 0ms
56 timing reify:createSparse Completed in 4ms
57 timing reify:loadBundles Completed in 0ms
58 silly audit bulk request {
58 silly audit   '@aws-crypto/crc32': [ '3.0.0' ],
58 silly audit   tslib: [ '1.14.1', '2.5.3' ],
58 silly audit   '@aws-crypto/ie11-detection': [ '3.0.0' ],
58 silly audit   '@aws-crypto/sha256-browser': [ '3.0.0' ],
58 silly audit   '@aws-crypto/sha256-js': [ '3.0.0' ],
58 silly audit   '@aws-crypto/supports-web-crypto': [ '3.0.0' ],
58 silly audit   '@aws-crypto/util': [ '3.0.0' ],
58 silly audit   '@aws-sdk/abort-controller': [ '3.357.0' ],
58 silly audit   '@aws-sdk/client-cognito-identity': [ '3.359.0' ],
58 silly audit   '@aws-sdk/client-sso': [ '3.358.0' ],
58 silly audit   '@aws-sdk/client-sso-oidc': [ '3.358.0' ],
58 silly audit   '@aws-sdk/client-sts': [ '3.359.0' ],
58 silly audit   '@aws-sdk/config-resolver': [ '3.357.0' ],
58 silly audit   '@aws-sdk/credential-provider-cognito-identity': [ '3.359.0' ],
58 silly audit   '@aws-sdk/credential-provider-env': [ '3.357.0' ],
58 silly audit   '@aws-sdk/credential-provider-imds': [ '3.357.0' ],
58 silly audit   '@aws-sdk/credential-provider-ini': [ '3.358.0' ],
58 silly audit   '@aws-sdk/credential-provider-node': [ '3.358.0' ],
58 silly audit   '@aws-sdk/credential-provider-process': [ '3.357.0' ],
58 silly audit   '@aws-sdk/credential-provider-sso': [ '3.358.0' ],
58 silly audit   '@aws-sdk/credential-provider-web-identity': [ '3.357.0' ],
58 silly audit   '@aws-sdk/credential-providers': [ '3.359.0' ],
58 silly audit   '@aws-sdk/eventstream-codec': [ '3.357.0' ],
58 silly audit   '@aws-sdk/fetch-http-handler': [ '3.357.0' ],
58 silly audit   '@aws-sdk/hash-node': [ '3.357.0' ],
58 silly audit   '@aws-sdk/invalid-dependency': [ '3.357.0' ],
58 silly audit   '@aws-sdk/is-array-buffer': [ '3.310.0' ],
58 silly audit   '@aws-sdk/middleware-content-length': [ '3.357.0' ],
58 silly audit   '@aws-sdk/middleware-endpoint': [ '3.357.0' ],
58 silly audit   '@aws-sdk/middleware-host-header': [ '3.357.0' ],
58 silly audit   '@aws-sdk/middleware-logger': [ '3.357.0' ],
58 silly audit   '@aws-sdk/middleware-recursion-detection': [ '3.357.0' ],
58 silly audit   '@aws-sdk/middleware-retry': [ '3.357.0' ],
58 silly audit   '@aws-sdk/middleware-sdk-sts': [ '3.357.0' ],
58 silly audit   '@aws-sdk/middleware-serde': [ '3.357.0' ],
58 silly audit   '@aws-sdk/middleware-signing': [ '3.357.0' ],
58 silly audit   '@aws-sdk/middleware-stack': [ '3.357.0' ],
58 silly audit   '@aws-sdk/middleware-user-agent': [ '3.357.0' ],
58 silly audit   '@aws-sdk/node-config-provider': [ '3.357.0' ],
58 silly audit   '@aws-sdk/node-http-handler': [ '3.357.0' ],
58 silly audit   '@aws-sdk/property-provider': [ '3.357.0' ],
58 silly audit   '@aws-sdk/protocol-http': [ '3.357.0' ],
58 silly audit   '@aws-sdk/querystring-builder': [ '3.357.0' ],
58 silly audit   '@aws-sdk/querystring-parser': [ '3.357.0' ],
58 silly audit   '@aws-sdk/service-error-classification': [ '3.357.0' ],
58 silly audit   '@aws-sdk/shared-ini-file-loader': [ '3.357.0' ],
58 silly audit   '@aws-sdk/signature-v4': [ '3.357.0' ],
58 silly audit   '@aws-sdk/smithy-client': [ '3.358.0' ],
58 silly audit   '@aws-sdk/token-providers': [ '3.358.0' ],
58 silly audit   '@aws-sdk/types': [ '3.357.0' ],
58 silly audit   '@aws-sdk/url-parser': [ '3.357.0' ],
58 silly audit   '@aws-sdk/util-base64': [ '3.310.0' ],
58 silly audit   '@aws-sdk/util-body-length-browser': [ '3.310.0' ],
58 silly audit   '@aws-sdk/util-body-length-node': [ '3.310.0' ],
58 silly audit   '@aws-sdk/util-buffer-from': [ '3.310.0' ],
58 silly audit   '@aws-sdk/util-config-provider': [ '3.310.0' ],
58 silly audit   '@aws-sdk/util-defaults-mode-browser': [ '3.358.0' ],
58 silly audit   '@aws-sdk/util-defaults-mode-node': [ '3.358.0' ],
58 silly audit   '@aws-sdk/util-endpoints': [ '3.357.0' ],
58 silly audit   '@aws-sdk/util-hex-encoding': [ '3.310.0' ],
58 silly audit   '@aws-sdk/util-locate-window': [ '3.310.0' ],
58 silly audit   '@aws-sdk/util-middleware': [ '3.357.0' ],
58 silly audit   '@aws-sdk/util-retry': [ '3.357.0' ],
58 silly audit   '@aws-sdk/util-stream': [ '3.358.0' ],
58 silly audit   '@aws-sdk/util-uri-escape': [ '3.310.0' ],
58 silly audit   '@aws-sdk/util-user-agent-browser': [ '3.357.0' ],
58 silly audit   '@aws-sdk/util-user-agent-node': [ '3.357.0' ],
58 silly audit   '@aws-sdk/util-utf8': [ '3.310.0' ],
58 silly audit   '@aws-sdk/util-utf8-browser': [ '3.259.0' ],
58 silly audit   '@mapbox/node-pre-gyp': [ '1.0.10' ],
58 silly audit   '@smithy/protocol-http': [ '1.1.0' ],
58 silly audit   '@smithy/types': [ '1.1.0' ],
58 silly audit   '@types/jsonwebtoken': [ '9.0.2' ],
58 silly audit   '@types/node': [ '20.3.1' ],
58 silly audit   '@types/webidl-conversions': [ '7.0.0' ],
58 silly audit   '@types/whatwg-url': [ '8.2.2' ],
58 silly audit   abbrev: [ '1.1.1' ],
58 silly audit   accepts: [ '1.3.8' ],
58 silly audit   'agent-base': [ '6.0.2' ],
58 silly audit   debug: [ '4.3.4', '2.6.9', '3.2.7' ],
58 silly audit   ms: [ '2.1.2', '2.1.3', '2.0.0' ],
58 silly audit   'ansi-regex': [ '5.0.1' ],
58 silly audit   anymatch: [ '3.1.3' ],
58 silly audit   aproba: [ '2.0.0' ],
58 silly audit   'are-we-there-yet': [ '2.0.0' ],
58 silly audit   'array-flatten': [ '1.1.1' ],
58 silly audit   'available-typed-arrays': [ '1.0.5' ],
58 silly audit   'aws-sdk': [ '2.1408.0' ],
58 silly audit   buffer: [ '4.9.2', '5.7.1' ],
58 silly audit   ieee754: [ '1.1.13', '1.2.1' ],
58 silly audit   uuid: [ '8.0.0', '8.3.2' ],
58 silly audit   'balanced-match': [ '1.0.2' ],
58 silly audit   'base64-js': [ '1.5.1' ],
58 silly audit   'basic-auth': [ '2.0.1' ],
58 silly audit   'safe-buffer': [ '5.1.2', '5.2.1' ],
58 silly audit   bcrypt: [ '5.1.0' ],
58 silly audit   'binary-extensions': [ '2.2.0' ],
58 silly audit   'body-parser': [ '1.20.1' ],
58 silly audit   bowser: [ '2.11.0' ],
58 silly audit   'brace-expansion': [ '1.1.11' ],
58 silly audit   braces: [ '3.0.2' ],
58 silly audit   bson: [ '4.7.2' ],
58 silly audit   'buffer-equal-constant-time': [ '1.0.1' ],
58 silly audit   bytes: [ '3.1.2' ],
58 silly audit   'call-bind': [ '1.0.2' ],
58 silly audit   chokidar: [ '3.5.3' ],
58 silly audit   chownr: [ '2.0.0' ],
58 silly audit   'color-support': [ '1.1.3' ],
58 silly audit   'concat-map': [ '0.0.1' ],
58 silly audit   'console-control-strings': [ '1.1.0' ],
58 silly audit   'content-disposition': [ '0.5.4' ],
58 silly audit   'content-type': [ '1.0.5' ],
58 silly audit   cookie: [ '0.5.0', '0.4.1', '0.4.0' ],
58 silly audit   'cookie-parser': [ '1.4.6' ],
58 silly audit   'cookie-signature': [ '1.0.6' ],
58 silly audit   cors: [ '2.8.5' ],
58 silly audit   csrf: [ '3.1.0' ],
58 silly audit   csurf: [ '1.11.0' ],
58 silly audit   depd: [ '1.1.2', '2.0.0' ],
58 silly audit   'http-errors': [ '1.7.3', '2.0.0' ],
58 silly audit   setprototypeof: [ '1.1.1', '1.2.0' ],
58 silly audit   statuses: [ '1.5.0', '2.0.1' ],
58 silly audit   toidentifier: [ '1.0.0', '1.0.1' ],
58 silly audit   'decode-uri-component': [ '0.2.2' ],
58 silly audit   delegates: [ '1.0.0' ],
58 silly audit   destroy: [ '1.2.0' ],
58 silly audit   'detect-libc': [ '2.0.1' ],
58 silly audit   dotenv: [ '16.3.1' ],
58 silly audit   'ecdsa-sig-formatter': [ '1.0.11' ],
58 silly audit   'ee-first': [ '1.1.1' ],
58 silly audit   'emoji-regex': [ '8.0.0' ],
58 silly audit   encodeurl: [ '1.0.2' ],
58 silly audit   'escape-html': [ '1.0.3' ],
58 silly audit   esm: [ '3.2.25' ],
58 silly audit   etag: [ '1.8.1' ],
58 silly audit   events: [ '1.1.1' ],
58 silly audit   express: [ '4.18.2' ],
58 silly audit   'express-jwt': [ '8.4.1' ],
58 silly audit   'express-unless': [ '2.1.3' ],
58 silly audit   'fast-xml-parser': [ '4.2.5' ],
58 silly audit   'fill-range': [ '7.0.1' ],
58 silly audit   'filter-obj': [ '1.1.0' ],
58 silly audit   finalhandler: [ '1.2.0' ],
58 silly audit   'for-each': [ '0.3.3' ],
58 silly audit   forwarded: [ '0.2.0' ],
58 silly audit   fresh: [ '0.5.2' ],
58 silly audit   'fs-minipass': [ '2.1.0' ],
58 silly audit   minipass: [ '3.3.6', '5.0.0' ],
58 silly audit   'fs.realpath': [ '1.0.0' ],
58 silly audit   fsevents: [ '2.3.2' ],
58 silly audit   'function-bind': [ '1.1.1' ],
58 silly audit   gauge: [ '3.0.2' ],
58 silly audit   'get-intrinsic': [ '1.2.1' ],
58 silly audit   glob: [ '7.2.3' ],
58 silly audit   'glob-parent': [ '5.1.2' ],
58 silly audit   gopd: [ '1.0.1' ],
58 silly audit   has: [ '1.0.3' ],
58 silly audit   'has-flag': [ '3.0.0' ],
58 silly audit   'has-proto': [ '1.0.1' ],
58 silly audit   'has-symbols': [ '1.0.3' ],
58 silly audit   'has-tostringtag': [ '1.0.0' ],
58 silly audit   'has-unicode': [ '2.0.1' ],
58 silly audit   'https-proxy-agent': [ '5.0.1' ],
58 silly audit   'iconv-lite': [ '0.4.24' ],
58 silly audit   'ignore-by-default': [ '1.0.1' ],
58 silly audit   inflight: [ '1.0.6' ],
58 silly audit   inherits: [ '2.0.4' ],
58 silly audit   ip: [ '2.0.0' ],
58 silly audit   'ipaddr.js': [ '1.9.1' ],
58 silly audit   'is-arguments': [ '1.1.1' ],
58 silly audit   'is-binary-path': [ '2.1.0' ],
58 silly audit   'is-callable': [ '1.2.7' ],
58 silly audit   'is-extglob': [ '2.1.1' ],
58 silly audit   'is-fullwidth-code-point': [ '3.0.0' ],
58 silly audit   'is-generator-function': [ '1.0.10' ],
58 silly audit   'is-glob': [ '4.0.3' ],
58 silly audit   'is-number': [ '7.0.0' ],
58 silly audit   'is-typed-array': [ '1.1.10' ],
58 silly audit   isarray: [ '1.0.0' ],
58 silly audit   jmespath: [ '0.16.0' ],
58 silly audit   jsonwebtoken: [ '9.0.0' ],
58 silly audit   jwa: [ '1.4.1' ],
58 silly audit   jws: [ '3.2.2' ],
58 silly audit   kareem: [ '2.5.1' ],
58 silly audit   lodash: [ '4.17.21' ],
58 silly audit   'lru-cache': [ '6.0.0' ],
58 silly audit   'make-dir': [ '3.1.0' ],
58 silly audit   semver: [ '6.3.0', '5.7.1', '7.5.3', '7.0.0' ],
58 silly audit   'media-typer': [ '0.3.0' ],
58 silly audit   'memory-pager': [ '1.5.0' ],
58 silly audit   'merge-descriptors': [ '1.0.1' ],
58 silly audit   methods: [ '1.1.2' ],
58 silly audit   mime: [ '1.6.0' ],
58 silly audit   'mime-db': [ '1.52.0' ],
58 silly audit   'mime-types': [ '2.1.35' ],
58 silly audit   minimatch: [ '3.1.2' ],
58 silly audit   minizlib: [ '2.1.2' ],
58 silly audit   mkdirp: [ '1.0.4' ],
58 silly audit   mongodb: [ '4.16.0' ],
58 silly audit   'mongodb-connection-string-url': [ '2.6.0' ],
58 silly audit   mongoose: [ '6.11.2' ],
58 silly audit   morgan: [ '1.10.0' ],
58 silly audit   'on-finished': [ '2.3.0', '2.4.1' ],
58 silly audit   mpath: [ '0.9.0' ],
58 silly audit   mquery: [ '4.0.3' ],
58 silly audit   nanoid: [ '2.1.11' ],
58 silly audit   negotiator: [ '0.6.3' ],
58 silly audit   'node-addon-api': [ '5.1.0' ],
58 silly audit   'node-fetch': [ '2.6.11' ],
58 silly audit   tr46: [ '0.0.3', '3.0.0' ],
58 silly audit   'webidl-conversions': [ '3.0.1', '7.0.0' ],
58 silly audit   'whatwg-url': [ '5.0.0', '11.0.0' ],
58 silly audit   nodemon: [ '2.0.22' ],
58 silly audit   nopt: [ '5.0.0', '1.0.10' ],
58 silly audit   'normalize-path': [ '3.0.0' ],
58 silly audit   npmlog: [ '5.0.1' ],
58 silly audit   'object-assign': [ '4.1.1' ],
58 silly audit   'object-inspect': [ '1.12.3' ],
58 silly audit   'on-headers': [ '1.0.2' ],
58 silly audit   once: [ '1.4.0' ],
58 silly audit   parseurl: [ '1.3.3' ],
58 silly audit   'path-is-absolute': [ '1.0.1' ],
58 silly audit   'path-to-regexp': [ '0.1.7' ],
58 silly audit   picomatch: [ '2.3.1' ],
58 silly audit   'proxy-addr': [ '2.0.7' ],
58 silly audit   'pstree.remy': [ '1.1.8' ],
58 silly audit   punycode: [ '2.3.0', '1.3.2' ],
58 silly audit   qs: [ '6.11.0' ],
58 silly audit   'query-string': [ '7.1.3' ],
58 silly audit   querystring: [ '0.2.0' ],
58 silly audit   'random-bytes': [ '1.0.0' ],
58 silly audit   'range-parser': [ '1.2.1' ],
58 silly audit   'raw-body': [ '2.5.1' ],
58 silly audit   'readable-stream': [ '3.6.2' ],
58 silly audit   readdirp: [ '3.6.0' ],
58 silly audit   rimraf: [ '3.0.2' ],
58 silly audit   rndm: [ '1.2.0' ],
58 silly audit   'safer-buffer': [ '2.1.2' ],
58 silly audit   saslprep: [ '1.0.3' ],
58 silly audit   sax: [ '1.2.1' ],
58 silly audit   send: [ '0.18.0' ],
58 silly audit   'serve-static': [ '1.15.0' ],
58 silly audit   'set-blocking': [ '2.0.0' ],
58 silly audit   'side-channel': [ '1.0.4' ],
58 silly audit   sift: [ '16.0.1' ],
58 silly audit   'signal-exit': [ '3.0.7' ],
58 silly audit   'simple-update-notifier': [ '1.1.0' ],
58 silly audit   slugify: [ '1.6.6' ],
58 silly audit   'smart-buffer': [ '4.2.0' ],
58 silly audit   socks: [ '2.7.1' ],
58 silly audit   'sparse-bitfield': [ '3.0.3' ],
58 silly audit   'split-on-first': [ '1.1.0' ],
58 silly audit   'strict-uri-encode': [ '2.0.0' ],
58 silly audit   string_decoder: [ '1.3.0' ],
58 silly audit   'string-width': [ '4.2.3' ],
58 silly audit   'strip-ansi': [ '6.0.1' ],
58 silly audit   stripe: [ '12.11.0' ],
58 silly audit   strnum: [ '1.0.5' ],
58 silly audit   'supports-color': [ '5.5.0' ],
58 silly audit   tar: [ '6.1.15' ],
58 silly audit   'to-regex-range': [ '5.0.1' ],
58 silly audit   touch: [ '3.1.0' ],
58 silly audit   tsscmp: [ '1.0.6' ],
58 silly audit   'type-is': [ '1.6.18' ],
58 silly audit   'uid-safe': [ '2.1.5' ],
58 silly audit   undefsafe: [ '2.0.5' ],
58 silly audit   unpipe: [ '1.0.0' ],
58 silly audit   url: [ '0.10.3' ],
58 silly audit   util: [ '0.12.5' ],
58 silly audit   'util-deprecate': [ '1.0.2' ],
58 silly audit   'utils-merge': [ '1.0.1' ],
58 silly audit   vary: [ '1.1.2' ],
58 silly audit   'which-typed-array': [ '1.1.9' ],
58 silly audit   'wide-align': [ '1.1.5' ],
58 silly audit   wrappy: [ '1.0.2' ],
58 silly audit   xml2js: [ '0.5.0' ],
58 silly audit   xmlbuilder: [ '11.0.1' ],
58 silly audit   yallist: [ '4.0.0' ],
58 silly audit   'express-formidable': [ '1.2.0' ],
58 silly audit   formidable: [ '1.2.6' ]
58 silly audit }
59 verbose reify failed optional dependency C:\Users\SUBHAM RATH\Desktop\skillDekho.com\server\node_modules\fsevents
60 silly reify mark deleted [
60 silly reify   'C:\\Users\\SUBHAM RATH\\Desktop\\skillDekho.com\\server\\node_modules\\fsevents'
60 silly reify ]
61 timing reifyNode:node_modules/fsevents Completed in 3ms
62 silly tarball no local data for formidable@https://registry.npmjs.org/formidable/-/formidable-1.2.6.tgz. Extracting by manifest.
63 silly tarball no local data for express-formidable@https://registry.npmjs.org/express-formidable/-/express-formidable-1.2.0.tgz. Extracting by manifest.
64 http fetch GET 200 https://registry.npmjs.org/formidable/-/formidable-1.2.6.tgz 234ms (cache miss)
65 warn deprecated formidable@1.2.6: Please upgrade to latest, formidable@v2 or formidable@v3! Check these notes: https://bit.ly/2ZEqIau
66 timing reifyNode:node_modules/formidable Completed in 245ms
67 http fetch POST 200 https://registry.npmjs.org/-/npm/v1/security/advisories/bulk 423ms
68 timing auditReport:getReport Completed in 428ms
69 silly audit report {
69 silly audit report   semver: [
69 silly audit report     {
69 silly audit report       id: 1092310,
69 silly audit report       url: 'https://github.com/advisories/GHSA-c2qf-rxjj-qqgw',
69 silly audit report       title: 'semver vulnerable to Regular Expression Denial of Service',
69 silly audit report       severity: 'moderate',
69 silly audit report       vulnerable_versions: '<7.5.2',
69 silly audit report       cwe: [Array],
69 silly audit report       cvss: [Object]
69 silly audit report     }
69 silly audit report   ]
69 silly audit report }
70 timing metavuln:cache:get:security-advisory:semver:I4c32oeABjRQ7pSB09QCFLZcMmoOZJ7CcL65eBKepUY9VufCkv7209hlPOkVcQCPmmughIXfDgj9552srK+lJQ== Completed in 9ms
71 http fetch GET 200 https://registry.npmjs.org/semver 97ms (cache revalidated)
72 timing metavuln:packument:semver Completed in 99ms
73 timing metavuln:load:security-advisory:semver:1092310 Completed in 3ms
74 timing metavuln:calculate:security-advisory:semver:1092310 Completed in 107ms
75 timing metavuln:cache:get:security-advisory:make-dir:qy6fIKtLhXSQ3P5aYPLqKfvd3eUXdcIm+CpuB5j88mhYxQEEhm1sn+t9ndpRrm5LuxAQNSjSDqgj1WNYALjFAA== Completed in 13ms
76 timing metavuln:cache:get:security-advisory:nodemon:f3m5+wM/NCMcbj7v7A5ExXsIisVpYjZE45W8P3dbWpXe5OUG2koBLB6p05VNbVplO5X799jOvKMbQD01xj9PXA== Completed in 13ms
77 timing metavuln:cache:get:security-advisory:simple-update-notifier:FtIcJzV3iWBpIvlmJsBjno1tyHVsaUodHhaZLN3LlJG+wX+vD7w2Go2WjQSZ5UjDENT4jBI5JpGGSVf+RfeAgg== Completed in 13ms
78 http fetch GET 200 https://registry.npmjs.org/make-dir 222ms (cache revalidated)
79 timing metavuln:packument:make-dir Completed in 224ms
80 timing metavuln:load:security-advisory:make-dir:I4c32oeABjRQ7pSB09QCFLZcMmoOZJ7CcL65eBKepUY9VufCkv7209hlPOkVcQCPmmughIXfDgj9552srK+lJQ== Completed in 0ms
81 timing metavuln:calculate:security-advisory:make-dir:I4c32oeABjRQ7pSB09QCFLZcMmoOZJ7CcL65eBKepUY9VufCkv7209hlPOkVcQCPmmughIXfDgj9552srK+lJQ== Completed in 224ms
82 http fetch GET 200 https://registry.npmjs.org/express-formidable/-/express-formidable-1.2.0.tgz 1222ms (cache miss)
83 timing reifyNode:node_modules/express-formidable Completed in 1236ms
84 timing reify:unpack Completed in 1236ms
85 timing reify:unretire Completed in 1ms
86 timing build:queue Completed in 0ms
87 timing build:deps Completed in 1ms
88 timing build Completed in 2ms
89 timing reify:build Completed in 2ms
90 timing reify:trash Completed in 6ms
91 timing reify:save Completed in 118ms
92 http fetch GET 200 https://registry.npmjs.org/nodemon 1195ms (cache revalidated)
93 timing metavuln:packument:nodemon Completed in 1201ms
94 timing metavuln:load:security-advisory:nodemon:I4c32oeABjRQ7pSB09QCFLZcMmoOZJ7CcL65eBKepUY9VufCkv7209hlPOkVcQCPmmughIXfDgj9552srK+lJQ== Completed in 2ms
95 timing metavuln:calculate:security-advisory:nodemon:I4c32oeABjRQ7pSB09QCFLZcMmoOZJ7CcL65eBKepUY9VufCkv7209hlPOkVcQCPmmughIXfDgj9552srK+lJQ== Completed in 1203ms
96 http fetch GET 200 https://registry.npmjs.org/simple-update-notifier 1218ms (cache revalidated)
97 timing metavuln:packument:simple-update-notifier Completed in 1218ms
98 timing metavuln:load:security-advisory:simple-update-notifier:I4c32oeABjRQ7pSB09QCFLZcMmoOZJ7CcL65eBKepUY9VufCkv7209hlPOkVcQCPmmughIXfDgj9552srK+lJQ== Completed in 0ms
99 timing metavuln:calculate:security-advisory:simple-update-notifier:I4c32oeABjRQ7pSB09QCFLZcMmoOZJ7CcL65eBKepUY9VufCkv7209hlPOkVcQCPmmughIXfDgj9552srK+lJQ== Completed in 1220ms
100 timing metavuln:cache:get:security-advisory:@mapbox/node-pre-gyp:r+ED8xcvyCotB2uzGyFo+beghH1MCReDpajKl1fw6GNk8e46yW5n6JLzfVtEULP77jY2sqfqnDBjMeB5q24B2Q== Completed in 4ms
101 http fetch GET 200 https://registry.npmjs.org/@mapbox%2fnode-pre-gyp 481ms (cache revalidated)
102 timing metavuln:packument:@mapbox/node-pre-gyp Completed in 482ms
103 timing metavuln:load:security-advisory:@mapbox/node-pre-gyp:qy6fIKtLhXSQ3P5aYPLqKfvd3eUXdcIm+CpuB5j88mhYxQEEhm1sn+t9ndpRrm5LuxAQNSjSDqgj1WNYALjFAA== Completed in 0ms
104 timing metavuln:calculate:security-advisory:@mapbox/node-pre-gyp:qy6fIKtLhXSQ3P5aYPLqKfvd3eUXdcIm+CpuB5j88mhYxQEEhm1sn+t9ndpRrm5LuxAQNSjSDqgj1WNYALjFAA== Completed in 482ms
105 timing metavuln:cache:get:security-advisory:nodemon:vxHQ2cOb7910u/jzaIqJaZgKEoF5NUviE7Pr7SGktAhAXFqLw84xaDA9IICMYzQAnPdfiSNeg+lCaFmEWPBKbQ== Completed in 3ms
106 timing metavuln:load:security-advisory:nodemon:FtIcJzV3iWBpIvlmJsBjno1tyHVsaUodHhaZLN3LlJG+wX+vD7w2Go2WjQSZ5UjDENT4jBI5JpGGSVf+RfeAgg== Completed in 2ms
107 timing metavuln:calculate:security-advisory:nodemon:FtIcJzV3iWBpIvlmJsBjno1tyHVsaUodHhaZLN3LlJG+wX+vD7w2Go2WjQSZ5UjDENT4jBI5JpGGSVf+RfeAgg== Completed in 5ms
108 timing metavuln:cache:get:security-advisory:bcrypt:M7YzwnwjOJqnu8xAhtVFNy8dqAH1gB4FBYztozzBwjG8nceY3B2UF5wn8rLRb+ANZ/p6kdzWT8aEFccl5LrAGA== Completed in 6ms
109 http fetch GET 200 https://registry.npmjs.org/bcrypt 86ms (cache revalidated)
110 timing metavuln:packument:bcrypt Completed in 88ms
111 timing metavuln:load:security-advisory:bcrypt:r+ED8xcvyCotB2uzGyFo+beghH1MCReDpajKl1fw6GNk8e46yW5n6JLzfVtEULP77jY2sqfqnDBjMeB5q24B2Q== Completed in 0ms
112 timing metavuln:calculate:security-advisory:bcrypt:r+ED8xcvyCotB2uzGyFo+beghH1MCReDpajKl1fw6GNk8e46yW5n6JLzfVtEULP77jY2sqfqnDBjMeB5q24B2Q== Completed in 88ms
113 timing auditReport:init Completed in 1947ms
114 timing reify:audit Completed in 2378ms
115 timing reify Completed in 5484ms
116 silly ADD node_modules/formidable
117 silly ADD node_modules/express-formidable
118 silly ADD
119 timing command:install Completed in 5514ms
120 verbose exit 0
121 timing npm Completed in 5650ms
122 info ok
